i	590	cfccb
i	1068	aidag
i	1397	ajibf
i	461	ebbjb
i	1299	cejhf
i	1210	cdigg
i	1122	ijfea
i	953	afibc
i	951	dhegb
i	102	gaaaa
i	903	iefbd
i	720	fccbg
i	735	idahe
i	958	feddg
i	1245	hheie
i	1018	gffce
i	1100	iagih
i	981	jfagg
i	1116	ddcjj
i	747	bbiia
i	627	gdajc
i	798	jgadd
i	1301	ggjbe
i	1389	cjihc
i	1092	djaje
i	1323	jfiag
i	304	aaaic
i	664	fcdjb
i	1614	cijeh
i	1595	ajihg
i	850	hicbb
i	1264	hhebh
i	929	jeeed
i	1665	jjegj
i	749	jebed
i	1079	ehede
i	580	cbiaa
i	904	ddifb
i	557	fbgca
i	726	hcbff
i	968	beija
i	1001	gdfhe
i	1360	ciigd
i	1059	gfgjb
i	826	jddfd
i	1085	fgcif
i	1545	iighg
i	1326	digjd
i	1028	haidg
i	459	afbda
i	1101	bajig
i	701	ccafh
i	1064	jfahh
i	412	caage
i	669	ccdbf
i	1389	bijic
i	860	jbehe
i	1384	cfiaj
i	1156	cedgj
i	1125	fidee
i	738	daeje
i	1145	ijdfc
i	1045	iaidg
i	894	jcddg
i	1485	hhhif
i	1281	dfhai
i	894	ajbae
i	1130	cfice
i	1204	ifegg
i	887	bcbgj
i	1097	hajgf
i	742	agbce
i	851	fhcia
i	1156	ihagh
i	338	abbec
i	753	hiacb
i	933	cdfhe
i	1309	djfid
i	1360	ibigj
i	1006	cchah
i	581	aabhg
i	743	fcgcc
i	715	jgcca
i	585	hahca
i	1131	eiffc
i	1061	ebjjd
i	1227	hehie
i	638	ecfga
i	1049	dbjef
i	1080	ahagi
i	1556	iggii
i	678	dagjb
i	1384	hhfbi
i	673	adbff
i	1273	bejeg
i	1496	ijdcj
i	1106	hagjh
i	1178	fdjfe
i	1041	dffag
i	1248	diedg
b	848	djabd
b	1911	ijihj
b	271	eabbc
b	1016	dechh
b	1383	iehbj
b	1305	ehifd
b	1207	fejgd
b	1179	hjdce
b	1287	jjfae
b	1053	bceii
b	1053	abgjh
b	415	bbbed
b	921	hgdcd
b	881	ccgfe
b	1043	ebjdf
b	1296	dgedj
b	1419	hjhce
b	366	abfaa
b	1576	hjibg
b	1087	edhhe
b	834	djcda
b	921	bdgcf
b	366	eccca
b	925	cegjb
b	1590	jiidg
b	658	bachg
b	1079	hhegc
b	851	jbdeg
b	699	ceahe
b	542	iaacg
b	1137	jehaf
b	674	gafed
b	964	gggcb
b	1405	afifi
b	1404	fggbj
b	1365	fiied
b	832	gehca
b	754	gbhcc
b	984	igded
b	1088	becji
b	986	hdedg
b	869	fajib
b	1211	iaifi
b	848	eajae
b	1190	cchih
b	822	ghcga
b	1317	giaji
b	1236	fibbj
b	752	ifbcd
b	661	igbda
b	433	beaeb
b	782	ceeib
b	978	jgddd
b	523	gbefa
b	1475	ieifi
b	1666	biihi
b	1019	bhdag
b	1368	ejfcg
b	1131	bfhid
b	842	hgajc
b	1537	ijdjh
b	1403	ahghh
b	734	jachf
b	987	eeafj
b	1212	gcigg
b	801	hgeca
b	863	dadej
b	879	gibdc
b	453	jadac
b	1634	biidj
b	841	ecfhd
b	918	gdbgh
b	1191	ghajh
b	918	ddedg
b	1161	jibah
b	741	edbff
b	1191	cjfbe
b	833	ihafc
b	1329	ifjbf
b	580	ibega
b	730	fdcjc
b	897	bjeca
b	775	ebiha
b	1419	hgdij
b	984	dbdji
b	810	gfdgb
b	1126	gaiig
b	1527	iigbi
b	572	jdbha
b	1407	ggidg
b	1095	gejdc
b	849	dahge
b	1309	iejdf
b	1267	hgfeg
b	1362	fjebh
b	755	gcgha
b	1363	jehci
b	573	aebdd
b	717	fabei
b	1209	icfhi
b	1248	diedg
f	0	(null)
